Unity Editor version:    2020.3.27f1 (e759542391ea)
Branch:                  2020.3/release
Build type:              Release
Batch mode:              YES
macOS version:           Version 11.6 (Build 20G165)
Darwin version:          20.6.0
Architecture:            x86_64
Running under Rosetta:   NO
Available memory:        8192 MB
Using pre-set license
Pro License: NO

COMMAND LINE ARGUMENTS:
/Applications/2020.3.27f1/Unity.app/Contents/MacOS/Unity
-adb2
-batchMode
-noUpm
-name
AssetImportWorker0
-projectPath
/Users/game1/Desktop/Galaga Project
-logFile
Logs/AssetImportWorker0.log
-srvPort
51761
Successfully changed project path to: /Users/game1/Desktop/Galaga Project
/Users/game1/Desktop/Galaga Project
Using Asset Import Pipeline V2.
Refreshing native plugins compatible for Editor in 44.27 ms, found 3 plugins.
Preloading 0 native plugins for Editor in 0.00 ms.
Initialize engine version: 2020.3.27f1 (e759542391ea)
[Subsystems] Discovering subsystems at path /Applications/2020.3.27f1/Unity.app/Contents/Resources/UnitySubsystems
[Subsystems] Discovering subsystems at path /Users/game1/Desktop/Galaga Project/Assets
GfxDevice: creating device client; threaded=0
2022-12-14 08:47:14.450 Unity[4289:107424] iMac preferred device: AMD Radeon Pro 5300 (high power)
2022-12-14 08:47:14.450 Unity[4289:107424] Metal devices available: 1
2022-12-14 08:47:14.450 Unity[4289:107424] 0: AMD Radeon Pro 5300 (high power)
2022-12-14 08:47:14.450 Unity[4289:107424] Using device AMD Radeon Pro 5300 (high power)
Initializing Metal device caps: AMD Radeon Pro 5300
Initialize mono
Mono path[0] = '/Applications/2020.3.27f1/Unity.app/Contents/Managed'
Mono path[1] = '/Applications/2020.3.27f1/Unity.app/Contents/MonoBleedingEdge/lib/mono/unityjit'
Mono config path = '/Applications/2020.3.27f1/Unity.app/Contents/MonoBleedingEdge/etc'
Using monoOptions --debugger-agent=transport=dt_socket,embedding=1,server=y,suspend=n,address=127.0.0.1:56289
Begin MonoManager ReloadAssembly
Registering precompiled unity dll's ...
Register platform support module: /Applications/2020.3.27f1/Unity.app/Contents/PlaybackEngines/MacStandaloneSupport/UnityEditor.OSXStandalone.Extensions.dll
Registered in 0.002029 seconds.
Native extension for OSXStandalone target not found
Refreshing native plugins compatible for Editor in 38.67 ms, found 3 plugins.
Preloading 0 native plugins for Editor in 0.00 ms.
Mono: successfully reloaded assembly
- Completed reload, in  0.641 seconds
Domain Reload Profiling:
	ReloadAssembly (641ms)
		BeginReloadAssembly (90ms)
			ExecutionOrderSort (0ms)
			DisableScriptedObjects (0ms)
			BackupInstance (0ms)
			ReleaseScriptingObjects (0ms)
			CreateAndSetChildDomain (1ms)
		EndReloadAssembly (476ms)
			LoadAssemblies (91ms)
			RebuildTransferFunctionScriptingTraits (0ms)
			SetupTypeCache (175ms)
			ReleaseScriptCaches (0ms)
			RebuildScriptCaches (37ms)
			SetupLoadedEditorAssemblies (181ms)
				LogAssemblyErrors (0ms)
				InitializePlatformSupportModulesInManaged (4ms)
				SetLoadedEditorAssemblies (0ms)
				RefreshPlugins (39ms)
				BeforeProcessingInitializeOnLoad (7ms)
				ProcessInitializeOnLoadAttributes (101ms)
				ProcessInitializeOnLoadMethodAttributes (29ms)
				AfterProcessingInitializeOnLoad (0ms)
				EditorAssembliesLoaded (0ms)
			ExecutionOrderSort2 (0ms)
			AwakeInstancesAfterBackupRestoration (0ms)
Platform modules already initialized, skipping
Registering precompiled user dll's ...
Registered in 0.005592 seconds.
Begin MonoManager ReloadAssembly
Native extension for OSXStandalone target not found
Refreshing native plugins compatible for Editor in 37.56 ms, found 3 plugins.
Preloading 0 native plugins for Editor in 0.00 ms.
Mono: successfully reloaded assembly
- Completed reload, in  1.160 seconds
Domain Reload Profiling:
	ReloadAssembly (1161ms)
		BeginReloadAssembly (150ms)
			ExecutionOrderSort (0ms)
			DisableScriptedObjects (5ms)
			BackupInstance (0ms)
			ReleaseScriptingObjects (0ms)
			CreateAndSetChildDomain (28ms)
		EndReloadAssembly (949ms)
			LoadAssemblies (101ms)
			RebuildTransferFunctionScriptingTraits (0ms)
			SetupTypeCache (341ms)
			ReleaseScriptCaches (0ms)
			RebuildScriptCaches (55ms)
			SetupLoadedEditorAssemblies (324ms)
				LogAssemblyErrors (0ms)
				InitializePlatformSupportModulesInManaged (3ms)
				SetLoadedEditorAssemblies (0ms)
				RefreshPlugins (38ms)
				BeforeProcessingInitializeOnLoad (55ms)
				ProcessInitializeOnLoadAttributes (208ms)
				ProcessInitializeOnLoadMethodAttributes (18ms)
				AfterProcessingInitializeOnLoad (1ms)
				EditorAssembliesLoaded (0ms)
			ExecutionOrderSort2 (0ms)
			AwakeInstancesAfterBackupRestoration (6ms)
Platform modules already initialized, skipping
Validating Project structure ... 0.000158 seconds.
Shader import version has changed; will reimport all shaders...
Upgrading shader files ...0.000351 seconds.
Application.AssetDatabase Initial Script Refresh Start
RefreshInfo: InitialScriptRefreshV2(NoUpdateAssetOptions) scanfilter:  ... 1 filters
RefreshProfiler: Total: 0.000ms
Application.AssetDatabase Initial Script Refresh End
Application.AssetDatabase.Refresh Start
Application.AssetDatabase.Refresh End
RefreshInfo: StopAssetImportingV2(ForceSynchronousImport) scanfilter: 
RefreshProfiler: Total: 0.000ms
Launching external process: /Applications/2020.3.27f1/Unity.app/Contents/Tools/UnityShaderCompiler
Launched and connected shader compiler UnityShaderCompiler after 0.01 seconds
Initializing Unity extensions:
========================================================================
Worker process is ready to serve import requests
Refreshing native plugins compatible for Editor in 0.42 ms, found 3 plugins.
Preloading 0 native plugins for Editor in 0.00 ms.
Unloading 2198 Unused Serialized files (Serialized files now loaded: 0)
System memory in use before: 212.2 MB.
System memory in use after: 211.3 MB.

Unloading 107 unused Assets to reduce memory usage. Loaded Objects now: 2664.
Total: 3.195166 ms (FindLiveObjects: 0.179142 ms CreateObjectMapping: 0.069920 ms MarkObjects: 2.450405 ms  DeleteObjects: 0.495039 ms)

AssetImportParameters requested are different than current active one (requested -> active):
  custom:video-decoder-ogg-theora: a1e56fd34408186e4bbccfd4996cb3dc -> 
  custom:container-muxer-webm: aa71ff27fc2769a1b78a27578f13a17b -> 
  custom:container-demuxer-webm: 4f35f7cbe854078d1ac9338744f61a02 -> 
  custom:container-demuxer-ogg: 62fdf1f143b41e24485cea50d1cbac27 -> 
  custom:video-encoder-webm-vp8: eb34c28f22e8b96e1ab97ce403110664 -> 
  custom:framework-osx-AVFoundation: e770b220cccbd017edd2c1fefb359320 -> 
  custom:video-decoder-webm-vp8: 9c59270c3fd7afecdb556c50c9e8de78 -> 
  custom:audio-decoder-ogg-vorbis: bf7c407c2cedff20999df2af8eb42d56 -> 
  custom:audio-encoder-webm-vorbis: bf7c407c2cedff20999df2af8eb42d56 -> 
========================================================================
Received Import Request.
  path: Assets/Scenes
  artifactKey: Guid(131a6b21c8605f84396be9f6751fb6e3) Importer(815301076,1909f56bfc062723c751e8b465ee728b)
Start importing Assets/Scenes using Guid(131a6b21c8605f84396be9f6751fb6e3) Importer(815301076,1909f56bfc062723c751e8b465ee728b)  -> (artifact id: 'df75b7d1a31c5b4f73fd45661b403b04') in 0.003601 seconds 
  Import took 0.007040 seconds .

========================================================================
Received Import Request.
  Time since last request: 37.491375 seconds.
  path: Assets/Scenes/New Folder
  artifactKey: Guid(9509c83b1d2234af69b0b7936fe281a4) Importer(815301076,1909f56bfc062723c751e8b465ee728b)
Start importing Assets/Scenes/New Folder using Guid(9509c83b1d2234af69b0b7936fe281a4) Importer(815301076,1909f56bfc062723c751e8b465ee728b)  -> (artifact id: '6eacb475a2e1157618c10104444391b3') in 0.004939 seconds 
  Import took 0.011118 seconds .

========================================================================
Received Import Request.
  Time since last request: 14.037760 seconds.
  path: Assets/Scenes/Art
  artifactKey: Guid(934d855a0c7334b68929c415eaa6d53b) Importer(815301076,1909f56bfc062723c751e8b465ee728b)
Start importing Assets/Scenes/Art using Guid(934d855a0c7334b68929c415eaa6d53b) Importer(815301076,1909f56bfc062723c751e8b465ee728b)  -> (artifact id: '956a3fa69fc936d5597beefb0b75974d') in 0.002061 seconds 
  Import took 0.005768 seconds .

========================================================================
Received Import Request.
  Time since last request: 30.665438 seconds.
  path: Assets/Art/player.png
  artifactKey: Guid(6939f33f02fd248a99cc56adcf104315) Importer(815301076,1909f56bfc062723c751e8b465ee728b)
Start importing Assets/Art/player.png using Guid(6939f33f02fd248a99cc56adcf104315) Importer(815301076,1909f56bfc062723c751e8b465ee728b)  -> (artifact id: 'c8ba79034066e65087a7507b0d824464') in 0.891090 seconds 
  Import took 0.897712 seconds .

========================================================================
Received Import Request.
  Time since last request: 38.608597 seconds.
  path: Assets/Art/enemy.png
  artifactKey: Guid(dda1542633efb4830a0b21c698558adf) Importer(815301076,1909f56bfc062723c751e8b465ee728b)
Start importing Assets/Art/enemy.png using Guid(dda1542633efb4830a0b21c698558adf) Importer(815301076,1909f56bfc062723c751e8b465ee728b)  -> (artifact id: '5fe33d154030d887dd6ffd156bc32928') in 0.014260 seconds 
  Import took 0.018304 seconds .

========================================================================
Received Import Request.
  Time since last request: 82.171114 seconds.
  path: Assets/Art/bullet.png
  artifactKey: Guid(6c6aa086d469f4ae29940231b91175cb) Importer(815301076,1909f56bfc062723c751e8b465ee728b)
Start importing Assets/Art/bullet.png using Guid(6c6aa086d469f4ae29940231b91175cb) Importer(815301076,1909f56bfc062723c751e8b465ee728b)  -> (artifact id: '3458978556c310b16364879ac95ff9de') in 0.011431 seconds 
  Import took 0.015295 seconds .

========================================================================
Received Import Request.
  Time since last request: 33.245541 seconds.
  path: Assets/Scripts
  artifactKey: Guid(4dd5c1839c3ed48f0847ebcc46849edc) Importer(815301076,1909f56bfc062723c751e8b465ee728b)
Start importing Assets/Scripts using Guid(4dd5c1839c3ed48f0847ebcc46849edc) Importer(815301076,1909f56bfc062723c751e8b465ee728b)  -> (artifact id: '290839fd119a9ac19a61dcdde596c16f') in 0.002562 seconds 
  Import took 0.006506 seconds .

========================================================================
Received Import Request.
  Time since last request: 11.483459 seconds.
  path: Assets/Prefabs
  artifactKey: Guid(0b18f223729574ea38833aa1ea4210e8) Importer(815301076,1909f56bfc062723c751e8b465ee728b)
Start importing Assets/Prefabs using Guid(0b18f223729574ea38833aa1ea4210e8) Importer(815301076,1909f56bfc062723c751e8b465ee728b)  -> (artifact id: '8f51addc5ba1d8458d644bc3011da07b') in 0.001782 seconds 
  Import took 0.005389 seconds .

========================================================================
Received Import Request.
  Time since last request: 25.410412 seconds.
  path: Assets/Scripts/PlayerShip.cs
  artifactKey: Guid(14e40a3361c874a22afa431f10a054f0) Importer(815301076,1909f56bfc062723c751e8b465ee728b)
Start importing Assets/Scripts/PlayerShip.cs using Guid(14e40a3361c874a22afa431f10a054f0) Importer(815301076,1909f56bfc062723c751e8b465ee728b)  -> (artifact id: '63e5b61fab83ec17568438655aa93832') in 0.299196 seconds 
  Import took 0.306092 seconds .

========================================================================
Received Prepare
Registering precompiled user dll's ...
Registered in 0.002096 seconds.
Begin MonoManager ReloadAssembly
Native extension for OSXStandalone target not found
Refreshing native plugins compatible for Editor in 0.44 ms, found 3 plugins.
Preloading 0 native plugins for Editor in 0.00 ms.
Mono: successfully reloaded assembly
- Completed reload, in  1.082 seconds
Domain Reload Profiling:
	ReloadAssembly (1082ms)
		BeginReloadAssembly (120ms)
			ExecutionOrderSort (0ms)
			DisableScriptedObjects (6ms)
			BackupInstance (0ms)
			ReleaseScriptingObjects (0ms)
			CreateAndSetChildDomain (59ms)
		EndReloadAssembly (900ms)
			LoadAssemblies (72ms)
			RebuildTransferFunctionScriptingTraits (0ms)
			SetupTypeCache (335ms)
			ReleaseScriptCaches (1ms)
			RebuildScriptCaches (50ms)
			SetupLoadedEditorAssemblies (318ms)
				LogAssemblyErrors (0ms)
				InitializePlatformSupportModulesInManaged (4ms)
				SetLoadedEditorAssemblies (0ms)
				RefreshPlugins (0ms)
				BeforeProcessingInitializeOnLoad (96ms)
				ProcessInitializeOnLoadAttributes (205ms)
				ProcessInitializeOnLoadMethodAttributes (11ms)
				AfterProcessingInitializeOnLoad (1ms)
				EditorAssembliesLoaded (0ms)
			ExecutionOrderSort2 (0ms)
			AwakeInstancesAfterBackupRestoration (9ms)
Platform modules already initialized, skipping
Refreshing native plugins compatible for Editor in 0.43 ms, found 3 plugins.
Preloading 0 native plugins for Editor in 0.00 ms.
Unloading 2193 Unused Serialized files (Serialized files now loaded: 0)
System memory in use before: 221.0 MB.
System memory in use after: 220.9 MB.

Unloading 24 unused Assets to reduce memory usage. Loaded Objects now: 2677.
Total: 2.594523 ms (FindLiveObjects: 0.161882 ms CreateObjectMapping: 0.070982 ms MarkObjects: 2.256295 ms  DeleteObjects: 0.091107 ms)

AssetImportParameters requested are different than current active one (requested -> active):
  custom:video-decoder-ogg-theora: a1e56fd34408186e4bbccfd4996cb3dc -> 
  custom:container-muxer-webm: aa71ff27fc2769a1b78a27578f13a17b -> 
  custom:container-demuxer-webm: 4f35f7cbe854078d1ac9338744f61a02 -> 
  custom:container-demuxer-ogg: 62fdf1f143b41e24485cea50d1cbac27 -> 
  custom:video-encoder-webm-vp8: eb34c28f22e8b96e1ab97ce403110664 -> 
  custom:framework-osx-AVFoundation: e770b220cccbd017edd2c1fefb359320 -> 
  custom:video-decoder-webm-vp8: 9c59270c3fd7afecdb556c50c9e8de78 -> 
  custom:audio-decoder-ogg-vorbis: bf7c407c2cedff20999df2af8eb42d56 -> 
  custom:audio-encoder-webm-vorbis: bf7c407c2cedff20999df2af8eb42d56 -> 
========================================================================
Received Import Request.
  Time since last request: 15.776855 seconds.
  path: Assets/Scripts/EnemyAlien.cs
  artifactKey: Guid(6ad1a4dc501004ce4a9fdca1bbeb5438) Importer(815301076,1909f56bfc062723c751e8b465ee728b)
Start importing Assets/Scripts/EnemyAlien.cs using Guid(6ad1a4dc501004ce4a9fdca1bbeb5438) Importer(815301076,1909f56bfc062723c751e8b465ee728b)  -> (artifact id: 'ba61598ed63d1f5a177d25cb617189d3') in 0.006431 seconds 
  Import took 0.010324 seconds .

========================================================================
Received Prepare
Registering precompiled user dll's ...
Registered in 0.002394 seconds.
Begin MonoManager ReloadAssembly
Native extension for OSXStandalone target not found
Refreshing native plugins compatible for Editor in 0.44 ms, found 3 plugins.
Preloading 0 native plugins for Editor in 0.00 ms.
Mono: successfully reloaded assembly
- Completed reload, in  1.076 seconds
Domain Reload Profiling:
	ReloadAssembly (1076ms)
		BeginReloadAssembly (117ms)
			ExecutionOrderSort (0ms)
			DisableScriptedObjects (7ms)
			BackupInstance (0ms)
			ReleaseScriptingObjects (0ms)
			CreateAndSetChildDomain (58ms)
		EndReloadAssembly (898ms)
			LoadAssemblies (72ms)
			RebuildTransferFunctionScriptingTraits (0ms)
			SetupTypeCache (333ms)
			ReleaseScriptCaches (1ms)
			RebuildScriptCaches (49ms)
			SetupLoadedEditorAssemblies (322ms)
				LogAssemblyErrors (0ms)
				InitializePlatformSupportModulesInManaged (4ms)
				SetLoadedEditorAssemblies (0ms)
				RefreshPlugins (0ms)
				BeforeProcessingInitializeOnLoad (97ms)
				ProcessInitializeOnLoadAttributes (207ms)
				ProcessInitializeOnLoadMethodAttributes (11ms)
				AfterProcessingInitializeOnLoad (1ms)
				EditorAssembliesLoaded (0ms)
			ExecutionOrderSort2 (0ms)
			AwakeInstancesAfterBackupRestoration (9ms)
Platform modules already initialized, skipping
Refreshing native plugins compatible for Editor in 0.43 ms, found 3 plugins.
Preloading 0 native plugins for Editor in 0.00 ms.
Unloading 2194 Unused Serialized files (Serialized files now loaded: 0)
System memory in use before: 221.2 MB.
System memory in use after: 221.2 MB.

Unloading 23 unused Assets to reduce memory usage. Loaded Objects now: 2680.
Total: 2.695098 ms (FindLiveObjects: 0.168152 ms CreateObjectMapping: 0.067334 ms MarkObjects: 2.361067 ms  DeleteObjects: 0.097623 ms)

AssetImportParameters requested are different than current active one (requested -> active):
  custom:video-decoder-ogg-theora: a1e56fd34408186e4bbccfd4996cb3dc -> 
  custom:container-muxer-webm: aa71ff27fc2769a1b78a27578f13a17b -> 
  custom:container-demuxer-webm: 4f35f7cbe854078d1ac9338744f61a02 -> 
  custom:container-demuxer-ogg: 62fdf1f143b41e24485cea50d1cbac27 -> 
  custom:video-encoder-webm-vp8: eb34c28f22e8b96e1ab97ce403110664 -> 
  custom:framework-osx-AVFoundation: e770b220cccbd017edd2c1fefb359320 -> 
  custom:video-decoder-webm-vp8: 9c59270c3fd7afecdb556c50c9e8de78 -> 
  custom:audio-decoder-ogg-vorbis: bf7c407c2cedff20999df2af8eb42d56 -> 
  custom:audio-encoder-webm-vorbis: bf7c407c2cedff20999df2af8eb42d56 -> 
========================================================================
Received Import Request.
  Time since last request: 15.474890 seconds.
  path: Assets/Scripts/Bullet.cs
  artifactKey: Guid(868b4bea9d13d4cfa91b4582714a5495) Importer(815301076,1909f56bfc062723c751e8b465ee728b)
Start importing Assets/Scripts/Bullet.cs using Guid(868b4bea9d13d4cfa91b4582714a5495) Importer(815301076,1909f56bfc062723c751e8b465ee728b)  -> (artifact id: '3d5474b682fe4415d5c14de9875e1ef2') in 0.006754 seconds 
  Import took 0.010593 seconds .

========================================================================
Received Prepare
Registering precompiled user dll's ...
Registered in 0.002079 seconds.
Begin MonoManager ReloadAssembly
Native extension for OSXStandalone target not found
Refreshing native plugins compatible for Editor in 0.44 ms, found 3 plugins.
Preloading 0 native plugins for Editor in 0.00 ms.
Mono: successfully reloaded assembly
- Completed reload, in  1.069 seconds
Domain Reload Profiling:
	ReloadAssembly (1069ms)
		BeginReloadAssembly (115ms)
			ExecutionOrderSort (0ms)
			DisableScriptedObjects (7ms)
			BackupInstance (0ms)
			ReleaseScriptingObjects (0ms)
			CreateAndSetChildDomain (58ms)
		EndReloadAssembly (892ms)
			LoadAssemblies (72ms)
			RebuildTransferFunctionScriptingTraits (0ms)
			SetupTypeCache (331ms)
			ReleaseScriptCaches (1ms)
			RebuildScriptCaches (50ms)
			SetupLoadedEditorAssemblies (316ms)
				LogAssemblyErrors (0ms)
				InitializePlatformSupportModulesInManaged (4ms)
				SetLoadedEditorAssemblies (0ms)
				RefreshPlugins (0ms)
				BeforeProcessingInitializeOnLoad (96ms)
				ProcessInitializeOnLoadAttributes (203ms)
				ProcessInitializeOnLoadMethodAttributes (11ms)
				AfterProcessingInitializeOnLoad (1ms)
				EditorAssembliesLoaded (0ms)
			ExecutionOrderSort2 (0ms)
			AwakeInstancesAfterBackupRestoration (9ms)
Platform modules already initialized, skipping
Refreshing native plugins compatible for Editor in 0.43 ms, found 3 plugins.
Preloading 0 native plugins for Editor in 0.00 ms.
Unloading 2195 Unused Serialized files (Serialized files now loaded: 0)
System memory in use before: 221.4 MB.
System memory in use after: 221.4 MB.

Unloading 23 unused Assets to reduce memory usage. Loaded Objects now: 2683.
Total: 2.601938 ms (FindLiveObjects: 0.163924 ms CreateObjectMapping: 0.069460 ms MarkObjects: 2.274310 ms  DeleteObjects: 0.093536 ms)

AssetImportParameters requested are different than current active one (requested -> active):
  custom:video-decoder-ogg-theora: a1e56fd34408186e4bbccfd4996cb3dc -> 
  custom:container-muxer-webm: aa71ff27fc2769a1b78a27578f13a17b -> 
  custom:container-demuxer-webm: 4f35f7cbe854078d1ac9338744f61a02 -> 
  custom:container-demuxer-ogg: 62fdf1f143b41e24485cea50d1cbac27 -> 
  custom:video-encoder-webm-vp8: eb34c28f22e8b96e1ab97ce403110664 -> 
  custom:framework-osx-AVFoundation: e770b220cccbd017edd2c1fefb359320 -> 
  custom:video-decoder-webm-vp8: 9c59270c3fd7afecdb556c50c9e8de78 -> 
  custom:audio-decoder-ogg-vorbis: bf7c407c2cedff20999df2af8eb42d56 -> 
  custom:audio-encoder-webm-vorbis: bf7c407c2cedff20999df2af8eb42d56 -> 
========================================================================
Received Import Request.
  Time since last request: 347.497907 seconds.
  path: Assets/Art/galaga.png
  artifactKey: Guid(075610aaa29c84676b9792b0510e2f4e) Importer(815301076,1909f56bfc062723c751e8b465ee728b)
Start importing Assets/Art/galaga.png using Guid(075610aaa29c84676b9792b0510e2f4e) Importer(815301076,1909f56bfc062723c751e8b465ee728b)  -> (artifact id: '9f32fe6be3378d6b75519bd0e85adf11') in 0.066951 seconds 
  Import took 0.071439 seconds .

========================================================================
Received Import Request.
  Time since last request: 50.912586 seconds.
  path: Assets/Art/509-5091036_galaga-alien-png-transparent-png.png
  artifactKey: Guid(607815d4165364a00a2f16089934fe86) Importer(815301076,1909f56bfc062723c751e8b465ee728b)
Start importing Assets/Art/509-5091036_galaga-alien-png-transparent-png.png using Guid(607815d4165364a00a2f16089934fe86) Importer(815301076,1909f56bfc062723c751e8b465ee728b)  -> (artifact id: 'b2c090f2c730cfae5587c89ce2f1e5a9') in 0.014316 seconds 
  Import took 0.018306 seconds .

========================================================================
Received Import Request.
  Time since last request: 75.372901 seconds.
  path: Assets/Art/Moth.png
  artifactKey: Guid(7ff2d441e72cf4ce7a880f6da83e77e5) Importer(815301076,1909f56bfc062723c751e8b465ee728b)
Start importing Assets/Art/Moth.png using Guid(7ff2d441e72cf4ce7a880f6da83e77e5) Importer(815301076,1909f56bfc062723c751e8b465ee728b)  -> (artifact id: '7ce37c24c8962e0276d16b22b3481d2c') in 0.011122 seconds 
  Import took 0.014770 seconds .

========================================================================
Received Import Request.
  Time since last request: 81.471860 seconds.
  path: Assets/Art/fly.png
  artifactKey: Guid(b41f29e5599554536a8526a83c28b1e6) Importer(815301076,1909f56bfc062723c751e8b465ee728b)
Start importing Assets/Art/fly.png using Guid(b41f29e5599554536a8526a83c28b1e6) Importer(815301076,1909f56bfc062723c751e8b465ee728b)  -> (artifact id: 'bd7978df3e37b16562bf32d1424351c2') in 0.012658 seconds 
  Import took 0.016300 seconds .

========================================================================
Received Import Request.
  Time since last request: 43.688218 seconds.
  path: Assets/Art/ghost .png
  artifactKey: Guid(120ba02e95f4b4dfb9fa1ee3c7874914) Importer(815301076,1909f56bfc062723c751e8b465ee728b)
Start importing Assets/Art/ghost .png using Guid(120ba02e95f4b4dfb9fa1ee3c7874914) Importer(815301076,1909f56bfc062723c751e8b465ee728b)  -> (artifact id: '3ac2bcf381177c927b17a777060898b1') in 0.011009 seconds 
  Import took 0.014540 seconds .

========================================================================
Received Import Request.
  Time since last request: 38.724692 seconds.
  path: Assets/Art/alien.png
  artifactKey: Guid(fe70edb71792e45ea90c875395751afa) Importer(815301076,1909f56bfc062723c751e8b465ee728b)
Start importing Assets/Art/alien.png using Guid(fe70edb71792e45ea90c875395751afa) Importer(815301076,1909f56bfc062723c751e8b465ee728b)  -> (artifact id: 'fe0ef7f1a8e134dff74278c7b699b194') in 0.012816 seconds 
  Import took 0.016082 seconds .

AssetImportWorkerClient::OnTransportError - code=2 error=End of file
